<?xml version="1.0" encoding="UTF-8"?>
<!-- Generated by org.testng.reporters.JUnitReportReporter -->
<testsuite hostname="MARU" failures="0" tests="4" name="Tests.AUserTests.BUserTests" time="3.277" errors="0" timestamp="2023-01-08T19:33:31 ART" skipped="0">
  <testcase classname="Tests.AUserTests.BUserTests" name="httpStatus200OnGetUserByUsername" time="0.824"/>
  <system-out/>
  <testcase classname="Tests.AUserTests.BUserTests" name="OnGetUserByIdWithWrongUsername" time="0.840"/>
  <system-out/>
  <testcase classname="Tests.AUserTests.BUserTests" name="putUserByUsername" time="0.825"/>
  <system-out/>
  <testcase classname="Tests.AUserTests.BUserTests" name="deleteUser" time="0.788"/>
  <system-out/>
</testsuite> <!-- Tests.AUserTests.BUserTests -->
